Running Lennard-Jones simulation on CPU...
Using CPU for simulation
step=     0  KE=  499.891815  PE=-1374.585623  E= -874.693807
step=     1  KE=  501.467326  PE=-1376.163173  E= -874.695847
step=     2  KE=  504.692657  PE=-1379.392509  E= -874.699852
step=     3  KE=  509.499827  PE=-1384.205584  E= -874.705757
step=     4  KE=  515.787917  PE=-1390.501389  E= -874.713472
step=     5  KE=  523.424738  PE=-1398.147605  E= -874.722867
step=     6  KE=  532.249140  PE=-1406.982906  E= -874.733766
step=     7  KE=  542.074126  PE=-1416.820062  E= -874.745935
step=     8  KE=  552.690833  PE=-1427.449920  E= -874.759086
step=     9  KE=  563.873390  PE=-1438.646271  E= -874.772881
step=    10  KE=  575.384516  PE=-1450.171465  E= -874.786949
step=    11  KE=  586.981625  PE=-1461.782534  E= -874.800909
step=    12  KE=  598.423127  PE=-1473.237515  E= -874.814388
step=    13  KE=  609.474569  PE=-1484.301616  E= -874.827047
step=    14  KE=  619.914311  PE=-1494.752907  E= -874.838595
step=    15  KE=  629.538464  PE=-1504.387265  E= -874.848801
step=    16  KE=  638.164927  PE=-1513.022422  E= -874.857495
step=    17  KE=  645.636476  PE=-1520.501042  E= -874.864566
step=    18  KE=  651.822913  PE=-1526.692868  E= -874.869955
step=    19  KE=  656.622413  PE=-1531.496053  E= -874.873640
step=    20  KE=  659.962204  PE=-1534.837831  E= -874.875628
step=    21  KE=  661.798762  PE=-1536.674700  E= -874.875939
step=    22  KE=  662.117675  PE=-1536.992276  E= -874.874601
step=    23  KE=  660.933294  PE=-1535.804940  E= -874.871646
step=    24  KE=  658.288240  PE=-1533.155347  E= -874.867107
step=    25  KE=  654.252750  PE=-1529.113777  E= -874.861027
step=    26  KE=  648.923806  PE=-1523.777270  E= -874.853465
step=    27  KE=  642.423887  PE=-1517.268400  E= -874.844513
step=    28  KE=  634.899199  PE=-1509.733503  E= -874.834304
step=    29  KE=  626.517172  PE=-1501.340201  E= -874.823029
step=    30  KE=  617.463127  PE=-1492.274061  E= -874.810934
step=    31  KE=  607.936047  PE=-1482.734366  E= -874.798319
step=    32  KE=  598.143576  PE=-1472.929095  E= -874.785519
step=    33  KE=  588.296490  PE=-1463.069372  E= -874.772883
step=    34  KE=  578.602993  PE=-1453.363736  E= -874.760743
step=    35  KE=  569.263343  PE=-1444.012710  E= -874.749367
step=    36  KE=  560.464766  PE=-1435.203822  E= -874.739056
step=    37  KE=  552.377359  PE=-1427.107334  E= -874.729974
step=    38  KE=  545.150969  PE=-1419.873240  E= -874.722271
step=    39  KE=  538.912525  PE=-1413.628583  E= -874.716058
step=    40  KE=  533.764061  PE=-1408.475485  E= -874.711424
step=    41  KE=  529.781255  PE=-1404.489680  E= -874.708425
step=    42  KE=  527.012521  PE=-1401.719594  E= -874.707072
step=    43  KE=  525.478859  PE=-1400.186169  E= -874.707309
step=    44  KE=  525.174162  PE=-1399.883359  E= -874.709197
step=    45  KE=  526.066854  PE=-1400.779186  E= -874.712332
step=    46  KE=  528.102395  PE=-1402.819005  E= -874.716610
step=    47  KE=  531.206598  PE=-1405.928436  E= -874.721838
step=    48  KE=  535.289832  PE=-1410.017440  E= -874.727608
step=    49  KE=  540.251941  PE=-1414.985569  E= -874.733628
step=    50  KE=  545.987060  PE=-1420.726789  E= -874.739730
step=    51  KE=  552.386439  PE=-1427.132078  E= -874.745639
step=    52  KE=  559.342793  PE=-1434.093816  E= -874.751023
step=    53  KE=  566.753052  PE=-1441.509254  E= -874.756202
step=    54  KE=  574.519023  PE=-1449.279907  E= -874.760885
step=    55  KE=  582.548994  PE=-1457.314158  E= -874.765164
step=    56  KE=  590.757918  PE=-1465.526779  E= -874.768861
step=    57  KE=  599.066576  PE=-1473.838896  E= -874.772321
step=    58  KE=  607.400880  PE=-1482.176384  E= -874.775505
step=    59  KE=  615.691921  PE=-1490.470322  E= -874.778402
step=    60  KE=  623.875246  PE=-1498.656342  E= -874.781096
step=    61  KE=  631.890387  PE=-1506.673993  E= -874.783606
step=    62  KE=  639.681725  PE=-1514.467535  E= -874.785810
step=    63  KE=  647.199185  PE=-1521.986708  E= -874.787522
step=    64  KE=  654.398786  PE=-1529.187694  E= -874.788908
step=    65  KE=  661.243463  PE=-1536.033436  E= -874.789974
step=    66  KE=  667.703632  PE=-1542.494029  E= -874.790397
step=    67  KE=  673.757782  PE=-1548.548254  E= -874.790472
step=    68  KE=  679.393005  PE=-1554.183092  E= -874.790087
step=    69  KE=  684.604946  PE=-1559.394371  E= -874.789425
step=    70  KE=  689.396401  PE=-1564.184543  E= -874.788142
step=    71  KE=  693.777429  PE=-1568.563828  E= -874.786399
step=    72  KE=  697.765299  PE=-1572.549626  E= -874.784326
step=    73  KE=  701.382860  PE=-1576.164802  E= -874.781942
step=    74  KE=  704.657882  PE=-1579.437453  E= -874.779572
step=    75  KE=  707.623054  PE=-1582.399917  E= -874.776864
step=    76  KE=  710.316269  PE=-1585.089939  E= -874.773670
step=    77  KE=  712.779576  PE=-1587.550044  E= -874.770467
step=    78  KE=  715.058230  PE=-1589.825424  E= -874.767194
step=    79  KE=  717.200057  PE=-1591.963802  E= -874.763745
step=    80  KE=  719.253825  PE=-1594.014290  E= -874.760464
step=    81  KE=  721.268419  PE=-1596.025512  E= -874.757093
step=    82  KE=  723.290344  PE=-1598.044493  E= -874.754149
step=    83  KE=  725.361018  PE=-1600.112783  E= -874.751766
step=    84  KE=  727.516927  PE=-1602.266557  E= -874.749630
step=    85  KE=  729.787644  PE=-1604.535475  E= -874.747831
step=    86  KE=  732.194216  PE=-1606.941112  E= -874.746896
step=    87  KE=  734.750167  PE=-1609.496367  E= -874.746200
step=    88  KE=  737.462340  PE=-1612.208370  E= -874.746030
step=    89  KE=  740.332220  PE=-1615.078332  E= -874.746112
step=    90  KE=  743.357629  PE=-1618.103927  E= -874.746298
step=    91  KE=  746.535013  PE=-1621.281438  E= -874.746424
step=    92  KE=  749.861400  PE=-1624.607656  E= -874.746256
step=    93  KE=  753.335511  PE=-1628.081409  E= -874.745899
step=    94  KE=  756.959763  PE=-1631.705146  E= -874.745384
step=    95  KE=  760.740430  PE=-1635.484531  E= -874.744101
step=    96  KE=  764.687650  PE=-1639.430501  E= -874.742851
step=    97  KE=  768.815297  PE=-1643.556540  E= -874.741242
step=    98  KE=  773.140137  PE=-1647.880030  E= -874.739893
step=    99  KE=  777.680082  PE=-1652.418610  E= -874.738528
step=   100  KE=  782.451365  PE=-1657.188566  E= -874.737201
step=   101  KE=  787.467679  PE=-1662.204042  E= -874.736363
step=   102  KE=  792.738499  PE=-1667.474322  E= -874.735822
step=   103  KE=  798.266621  PE=-1673.002217  E= -874.735596
step=   104  KE=  804.046672  PE=-1678.782563  E= -874.735892
step=   105  KE=  810.064579  PE=-1684.801107  E= -874.736528
step=   106  KE=  816.299753  PE=-1691.037544  E= -874.737791
step=   107  KE=  822.724633  PE=-1697.463736  E= -874.739103
step=   108  KE=  829.305214  PE=-1704.046484  E= -874.741270
step=   109  KE=  836.004190  PE=-1710.747558  E= -874.743369
step=   110  KE=  842.783135  PE=-1717.528555  E= -874.745420
step=   111  KE=  849.603985  PE=-1724.351374  E= -874.747389
step=   112  KE=  856.430126  PE=-1731.179256  E= -874.749130
step=   113  KE=  863.228482  PE=-1737.978946  E= -874.750465
step=   114  KE=  869.969561  PE=-1744.721356  E= -874.751795
step=   115  KE=  876.628519  PE=-1751.381369  E= -874.752850
step=   116  KE=  883.184398  PE=-1757.937864  E= -874.753466
step=   117  KE=  889.620340  PE=-1764.374350  E= -874.754010
step=   118  KE=  895.924167  PE=-1770.678675  E= -874.754508
step=   119  KE=  902.086027  PE=-1776.840561  E= -874.754534
step=   120  KE=  908.098216  PE=-1782.852721  E= -874.754505
step=   121  KE=  913.955413  PE=-1788.709880  E= -874.754467
step=   122  KE=  919.654675  PE=-1794.408832  E= -874.754158
step=   123  KE=  925.194530  PE=-1799.948391  E= -874.753861
step=   124  KE=  930.575814  PE=-1805.329420  E= -874.753606
step=   125  KE=  935.802024  PE=-1810.554963  E= -874.752938
step=   126  KE=  940.879307  PE=-1815.631590  E= -874.752283
step=   127  KE=  945.817933  PE=-1820.569497  E= -874.751564
step=   128  KE=  950.631152  PE=-1825.381738  E= -874.750587
step=   129  KE=  955.334290  PE=-1830.083718  E= -874.749428
step=   130  KE=  959.944978  PE=-1834.692907  E= -874.747929
step=   131  KE=  964.482971  PE=-1839.229857  E= -874.746885
step=   132  KE=  968.967943  PE=-1843.713577  E= -874.745634
step=   133  KE=  973.417319  PE=-1848.162227  E= -874.744908
step=   134  KE=  977.845566  PE=-1852.590034  E= -874.744468
step=   135  KE=  982.262202  PE=-1857.006581  E= -874.744379
step=   136  KE=  986.671814  PE=-1861.416225  E= -874.744410
step=   137  KE=  991.074859  PE=-1865.819579  E= -874.744720
step=   138  KE=  995.466782  PE=-1870.212028  E= -874.745246
step=   139  KE=  999.838917  PE=-1874.584764  E= -874.745847
step=   140  KE= 1004.181387  PE=-1878.927828  E= -874.746440
step=   141  KE= 1008.485694  PE=-1883.232643  E= -874.746949
step=   142  KE= 1012.744813  PE=-1887.492538  E= -874.747725
step=   143  KE= 1016.954893  PE=-1891.702800  E= -874.747907
step=   144  KE= 1021.116541  PE=-1895.864061  E= -874.747520
step=   145  KE= 1025.235813  PE=-1899.982697  E= -874.746884
step=   146  KE= 1029.324004  PE=-1904.069906  E= -874.745901
step=   147  KE= 1033.396348  PE=-1908.140756  E= -874.744408
step=   148  KE= 1037.471177  PE=-1912.214377  E= -874.743200
step=   149  KE= 1041.567954  PE=-1916.310138  E= -874.742185
step=   150  KE= 1045.705337  PE=-1920.446981  E= -874.741644
step=   151  KE= 1049.897541  PE=-1924.638778  E= -874.741237
step=   152  KE= 1054.150286  PE=-1928.892043  E= -874.741757
step=   153  KE= 1058.459346  PE=-1933.202108  E= -874.742762
step=   154  KE= 1062.808608  PE=-1937.553536  E= -874.744927
step=   155  KE= 1067.167313  PE=-1941.915196  E= -874.747883
step=   156  KE= 1071.491825  PE=-1946.243271  E= -874.751446
step=   157  KE= 1075.727325  PE=-1950.483164  E= -874.755839
step=   158  KE= 1079.810599  PE=-1954.571299  E= -874.760700
step=   159  KE= 1083.674314  PE=-1958.439374  E= -874.765060
step=   160  KE= 1087.250959  PE=-1962.020596  E= -874.769637
step=   161  KE= 1090.476388  PE=-1965.250031  E= -874.773643
step=   162  KE= 1093.293161  PE=-1968.070278  E= -874.777117
step=   163  KE= 1095.654062  PE=-1970.433915  E= -874.779853
step=   164  KE= 1097.523801  PE=-1972.305209  E= -874.781407
step=   165  KE= 1098.880411  PE=-1973.662975  E= -874.782563
step=   166  KE= 1099.715022  PE=-1974.497940  E= -874.782918
step=   167  KE= 1100.030939  PE=-1974.813518  E= -874.782578
step=   168  KE= 1099.843663  PE=-1974.625203  E= -874.781541
step=   169  KE= 1099.181289  PE=-1973.961121  E= -874.779832
step=   170  KE= 1098.083057  PE=-1972.860591  E= -874.777534
step=   171  KE= 1096.597399  PE=-1971.372210  E= -874.774811
step=   172  KE= 1094.781348  PE=-1969.552916  E= -874.771568
step=   173  KE= 1092.699282  PE=-1967.467055  E= -874.767773
step=   174  KE= 1090.421884  PE=-1965.185500  E= -874.763616
step=   175  KE= 1088.025068  PE=-1962.784390  E= -874.759322
step=   176  KE= 1085.589356  PE=-1960.344106  E= -874.754750
step=   177  KE= 1083.198375  PE=-1957.948592  E= -874.750217
step=   178  KE= 1080.935581  PE=-1955.681037  E= -874.745455
step=   179  KE= 1078.881726  PE=-1953.622723  E= -874.740997
step=   180  KE= 1077.111983  PE=-1951.849272  E= -874.737289
step=   181  KE= 1075.692452  PE=-1950.426594  E= -874.734142
step=   182  KE= 1074.676483  PE=-1949.408431  E= -874.731948
step=   183  KE= 1074.101441  PE=-1948.832396  E= -874.730955
step=   184  KE= 1073.987079  PE=-1948.718294  E= -874.731215
step=   185  KE= 1074.332936  PE=-1949.065412  E= -874.732475
step=   186  KE= 1075.119056  PE=-1949.854098  E= -874.735042
step=   187  KE= 1076.306989  PE=-1951.045358  E= -874.738369
step=   188  KE= 1077.840138  PE=-1952.582666  E= -874.742529
step=   189  KE= 1079.647752  PE=-1954.395437  E= -874.747685
step=   190  KE= 1081.649871  PE=-1956.402389  E= -874.752518
step=   191  KE= 1083.763159  PE=-1958.520418  E= -874.757259
step=   192  KE= 1085.906679  PE=-1960.668348  E= -874.761669
step=   193  KE= 1088.007498  PE=-1962.772536  E= -874.765038
step=   194  KE= 1090.004649  PE=-1964.772151  E= -874.767502
step=   195  KE= 1091.852668  PE=-1966.621454  E= -874.768786
step=   196  KE= 1093.522819  PE=-1968.291961  E= -874.769142
step=   197  KE= 1095.002562  PE=-1969.770921  E= -874.768359
step=   198  KE= 1096.295269  PE=-1971.061973  E= -874.766704
step=   199  KE= 1097.417955  PE=-1972.182453  E= -874.764498
step=   200  KE= 1098.397067  PE=-1973.159088  E= -874.762021
step=   201  KE= 1099.266026  PE=-1974.024948  E= -874.758922
step=   202  KE= 1100.061262  PE=-1974.817494  E= -874.756232
step=   203  KE= 1100.817747  PE=-1975.571740  E= -874.753993
step=   204  KE= 1101.566927  PE=-1976.319108  E= -874.752181
step=   205  KE= 1102.333830  PE=-1977.084688  E= -874.750858
step=   206  KE= 1103.134314  PE=-1977.884726  E= -874.750412
step=   207  KE= 1103.973365  PE=-1978.723892  E= -874.750527
step=   208  KE= 1104.845333  PE=-1979.596821  E= -874.751487
step=   209  KE= 1105.734607  PE=-1980.487590  E= -874.752983
step=   210  KE= 1106.617881  PE=-1981.372744  E= -874.754863
step=   211  KE= 1107.466492  PE=-1982.223373  E= -874.756881
step=   212  KE= 1108.248697  PE=-1983.007595  E= -874.758899
step=   213  KE= 1108.933427  PE=-1983.694305  E= -874.760879
step=   214  KE= 1109.492448  PE=-1984.254781  E= -874.762332
step=   215  KE= 1109.902500  PE=-1984.665905  E= -874.763404
step=   216  KE= 1110.147106  PE=-1984.911188  E= -874.764081
step=   217  KE= 1110.217229  PE=-1984.981614  E= -874.764385
step=   218  KE= 1110.111711  PE=-1984.875707  E= -874.763996
step=   219  KE= 1109.837217  PE=-1984.600509  E= -874.763292
step=   220  KE= 1109.407875  PE=-1984.169973  E= -874.762098
step=   221  KE= 1108.843820  PE=-1983.604458  E= -874.760638
step=   222  KE= 1108.170610  PE=-1982.929765  E= -874.759155
step=   223  KE= 1107.419007  PE=-1982.176231  E= -874.757224
step=   224  KE= 1106.624593  PE=-1981.379485  E= -874.754893
step=   225  KE= 1105.827546  PE=-1980.580014  E= -874.752468
step=   226  KE= 1105.072731  PE=-1979.822338  E= -874.749608
step=   227  KE= 1104.407898  PE=-1979.154790  E= -874.746892
step=   228  KE= 1103.881176  PE=-1978.625612  E= -874.744436
step=   229  KE= 1103.537151  PE=-1978.279610  E= -874.742458
step=   230  KE= 1103.412033  PE=-1978.153100  E= -874.741067
step=   231  KE= 1103.529897  PE=-1978.270474  E= -874.740576
step=   232  KE= 1103.899703  PE=-1978.641149  E= -874.741446
step=   233  KE= 1104.514526  PE=-1979.257249  E= -874.742723
step=   234  KE= 1105.354458  PE=-1980.099188  E= -874.744730
step=   235  KE= 1106.392241  PE=-1981.139152  E= -874.746912
step=   236  KE= 1107.597608  PE=-1982.346666  E= -874.749059
step=   237  KE= 1108.941276  PE=-1983.691879  E= -874.750603
step=   238  KE= 1110.398132  PE=-1985.149904  E= -874.751772
step=   239  KE= 1111.947620  PE=-1986.700247  E= -874.752627
step=   240  KE= 1113.573385  PE=-1988.326849  E= -874.753464
step=   241  KE= 1115.261330  PE=-1990.015659  E= -874.754329
step=   242  KE= 1116.996720  PE=-1991.751808  E= -874.755088
step=   243  KE= 1118.762093  PE=-1993.518471  E= -874.756377
step=   244  KE= 1120.535665  PE=-1995.293678  E= -874.758013
step=   245  KE= 1122.291545  PE=-1997.051623  E= -874.760078
step=   246  KE= 1123.999009  PE=-1998.761499  E= -874.762490
step=   247  KE= 1125.622753  PE=-2000.387573  E= -874.764820
step=   248  KE= 1127.125087  PE=-2001.892494  E= -874.767406
step=   249  KE= 1128.468447  PE=-2003.238417  E= -874.769970
step=   250  KE= 1129.617249  PE=-2004.389214  E= -874.771965
step=   251  KE= 1130.540540  PE=-2005.314222  E= -874.773681
step=   252  KE= 1131.216120  PE=-2005.990841  E= -874.774721
step=   253  KE= 1131.632921  PE=-2006.407888  E= -874.774966
step=   254  KE= 1131.792507  PE=-2006.566531  E= -874.774024
step=   255  KE= 1131.709355  PE=-2006.481722  E= -874.772367
step=   256  KE= 1131.411172  PE=-2006.181100  E= -874.769928
step=   257  KE= 1130.937196  PE=-2005.704075  E= -874.766879
step=   258  KE= 1130.334498  PE=-2005.098221  E= -874.763724
step=   259  KE= 1129.653016  PE=-2004.413596  E= -874.760580
step=   260  KE= 1128.941297  PE=-2003.698819  E= -874.757521
step=   261  KE= 1128.243808  PE=-2002.999222  E= -874.755414
step=   262  KE= 1127.595715  PE=-2002.349705  E= -874.753990
step=   263  KE= 1127.020535  PE=-2001.773818  E= -874.753283
step=   264  KE= 1126.531266  PE=-2001.284177  E= -874.752911
step=   265  KE= 1126.130737  PE=-2000.883889  E= -874.753152
step=   266  KE= 1125.813685  PE=-2000.567243  E= -874.753558
step=   267  KE= 1125.571451  PE=-2000.325510  E= -874.754059
step=   268  KE= 1125.394187  PE=-2000.148690  E= -874.754503
step=   269  KE= 1125.274013  PE=-2000.028622  E= -874.754609
step=   270  KE= 1125.207798  PE=-1999.962008  E= -874.754210
step=   271  KE= 1125.198049  PE=-1999.951318  E= -874.753270
step=   272  KE= 1125.254331  PE=-2000.006231  E= -874.751900
step=   273  KE= 1125.392216  PE=-2000.142439  E= -874.750223
step=   274  KE= 1125.631548  PE=-2000.379817  E= -874.748269
step=   275  KE= 1125.993918  PE=-2000.740279  E= -874.746362
step=   276  KE= 1126.499120  PE=-2001.244098  E= -874.744978
step=   277  KE= 1127.162339  PE=-2001.906231  E= -874.743892
step=   278  KE= 1127.990930  PE=-2002.734427  E= -874.743497
step=   279  KE= 1128.982486  PE=-2003.726469  E= -874.743983
step=   280  KE= 1130.124814  PE=-2004.869541  E= -874.744726
step=   281  KE= 1131.397101  PE=-2006.143140  E= -874.746039
step=   282  KE= 1132.771744  PE=-2007.519308  E= -874.747564
step=   283  KE= 1134.216447  PE=-2008.965356  E= -874.748909
step=   284  KE= 1135.696905  PE=-2010.447300  E= -874.750394
step=   285  KE= 1137.178397  PE=-2011.930350  E= -874.751954
step=   286  KE= 1138.627548  PE=-2013.380878  E= -874.753329
step=   287  KE= 1140.014912  PE=-2014.769409  E= -874.754497
step=   288  KE= 1141.315681  PE=-2016.071068  E= -874.755386
step=   289  KE= 1142.508979  PE=-2017.264927  E= -874.755948
step=   290  KE= 1143.578514  PE=-2018.334908  E= -874.756393
step=   291  KE= 1144.513903  PE=-2019.270131  E= -874.756229
step=   292  KE= 1145.310348  PE=-2020.066150  E= -874.755803
step=   293  KE= 1145.967495  PE=-2020.722593  E= -874.755098
step=   294  KE= 1146.489782  PE=-2021.243910  E= -874.754127
step=   295  KE= 1146.886467  PE=-2021.639575  E= -874.753108
step=   296  KE= 1147.170543  PE=-2021.922388  E= -874.751845
step=   297  KE= 1147.358363  PE=-2022.108659  E= -874.750296
step=   298  KE= 1147.469483  PE=-2022.218212  E= -874.748729
step=   299  KE= 1147.526203  PE=-2022.273189  E= -874.746986
step=   300  KE= 1147.553805  PE=-2022.298870  E= -874.745064
step=   301  KE= 1147.579071  PE=-2022.322247  E= -874.743175
step=   302  KE= 1147.629889  PE=-2022.371088  E= -874.741199
step=   303  KE= 1147.735080  PE=-2022.474373  E= -874.739293
step=   304  KE= 1147.922234  PE=-2022.659561  E= -874.737327
step=   305  KE= 1148.217924  PE=-2022.953482  E= -874.735558
step=   306  KE= 1148.645707  PE=-2023.379683  E= -874.733976
step=   307  KE= 1149.224124  PE=-2023.957077  E= -874.732952
step=   308  KE= 1149.966530  PE=-2024.698718  E= -874.732188
step=   309  KE= 1150.880145  PE=-2025.612111  E= -874.731966
step=   310  KE= 1151.965497  PE=-2026.697714  E= -874.732217
step=   311  KE= 1153.216411  PE=-2027.949261  E= -874.732850
step=   312  KE= 1154.620659  PE=-2029.354428  E= -874.733769
step=   313  KE= 1156.161573  PE=-2030.896735  E= -874.735162
step=   314  KE= 1157.818981  PE=-2032.555343  E= -874.736362
step=   315  KE= 1159.569539  PE=-2034.307133  E= -874.737594
step=   316  KE= 1161.388647  PE=-2036.127536  E= -874.738889
step=   317  KE= 1163.251852  PE=-2037.991849  E= -874.739996
step=   318  KE= 1165.135999  PE=-2039.877071  E= -874.741072
step=   319  KE= 1167.019998  PE=-2041.761908  E= -874.741909
step=   320  KE= 1168.885502  PE=-2043.627966  E= -874.742464
step=   321  KE= 1170.717863  PE=-2045.460750  E= -874.742887
step=   322  KE= 1172.505383  PE=-2047.248407  E= -874.743024
step=   323  KE= 1174.239454  PE=-2048.982386  E= -874.742933
step=   324  KE= 1175.914681  PE=-2050.657796  E= -874.743115
step=   325  KE= 1177.526734  PE=-2052.269657  E= -874.742923
step=   326  KE= 1179.071495  PE=-2053.814284  E= -874.742789
step=   327  KE= 1180.546083  PE=-2055.288858  E= -874.742775
step=   328  KE= 1181.946497  PE=-2056.689304  E= -874.742807
step=   329  KE= 1183.266726  PE=-2058.009834  E= -874.743108
step=   330  KE= 1184.499579  PE=-2059.242964  E= -874.743385
step=   331  KE= 1185.636103  PE=-2060.379869  E= -874.743765
step=   332  KE= 1186.666867  PE=-2061.411134  E= -874.744267
step=   333  KE= 1187.582836  PE=-2062.327361  E= -874.744525
step=   334  KE= 1188.376508  PE=-2063.121259  E= -874.744751
step=   335  KE= 1189.043684  PE=-2063.788264  E= -874.744580
step=   336  KE= 1189.584213  PE=-2064.328436  E= -874.744222
step=   337  KE= 1190.001931  PE=-2064.745673  E= -874.743742
step=   338  KE= 1190.304649  PE=-2065.047302  E= -874.742654
step=   339  KE= 1190.503525  PE=-2065.245176  E= -874.741652
step=   340  KE= 1190.611259  PE=-2065.351930  E= -874.740671
step=   341  KE= 1190.640825  PE=-2065.380738  E= -874.739913
step=   342  KE= 1190.604575  PE=-2065.343685  E= -874.739110
step=   343  KE= 1190.513200  PE=-2065.251676  E= -874.738475
step=   344  KE= 1190.375388  PE=-2065.113423  E= -874.738035
step=   345  KE= 1190.197786  PE=-2064.935546  E= -874.737761
step=   346  KE= 1189.985916  PE=-2064.723392  E= -874.737476
step=   347  KE= 1189.745311  PE=-2064.482411  E= -874.737100
step=   348  KE= 1189.482404  PE=-2064.219087  E= -874.736683
step=   349  KE= 1189.204237  PE=-2063.940285  E= -874.736048
step=   350  KE= 1188.919784  PE=-2063.655061  E= -874.735276
step=   351  KE= 1188.640291  PE=-2063.374611  E= -874.734320
step=   352  KE= 1188.378839  PE=-2063.112254  E= -874.733415
step=   353  KE= 1188.150490  PE=-2062.882837  E= -874.732347
step=   354  KE= 1187.971353  PE=-2062.702356  E= -874.731003
step=   355  KE= 1187.858891  PE=-2062.588507  E= -874.729616
step=   356  KE= 1187.830305  PE=-2062.558791  E= -874.728486
step=   357  KE= 1187.901973  PE=-2062.629381  E= -874.727407
step=   358  KE= 1188.089358  PE=-2062.815725  E= -874.726367
step=   359  KE= 1188.405180  PE=-2063.130763  E= -874.725582
step=   360  KE= 1188.858664  PE=-2063.583598  E= -874.724934
step=   361  KE= 1189.455311  PE=-2064.180201  E= -874.724890
step=   362  KE= 1190.195076  PE=-2064.920164  E= -874.725088
step=   363  KE= 1191.071987  PE=-2065.797753  E= -874.725766
step=   364  KE= 1192.074288  PE=-2066.801031  E= -874.726743
step=   365  KE= 1193.184031  PE=-2067.912142  E= -874.728111
step=   366  KE= 1194.378097  PE=-2069.107960  E= -874.729863
step=   367  KE= 1195.628055  PE=-2070.359980  E= -874.731925
step=   368  KE= 1196.900901  PE=-2071.634981  E= -874.734080
step=   369  KE= 1198.162204  PE=-2072.898640  E= -874.736436
step=   370  KE= 1199.377040  PE=-2074.115397  E= -874.738357
step=   371  KE= 1200.511752  PE=-2075.251823  E= -874.740070
step=   372  KE= 1201.537059  PE=-2076.278493  E= -874.741434
step=   373  KE= 1202.430189  PE=-2077.172647  E= -874.742458
step=   374  KE= 1203.176138  PE=-2077.918992  E= -874.742854
step=   375  KE= 1203.768920  PE=-2078.511442  E= -874.742522
step=   376  KE= 1204.212099  PE=-2078.953500  E= -874.741402
step=   377  KE= 1204.519203  PE=-2079.258960  E= -874.739757
step=   378  KE= 1204.713308  PE=-2079.450788  E= -874.737479
step=   379  KE= 1204.825291  PE=-2079.560434  E= -874.735143
step=   380  KE= 1204.891123  PE=-2079.623674  E= -874.732551
step=   381  KE= 1204.948247  PE=-2079.678337  E= -874.730090
step=   382  KE= 1205.032681  PE=-2079.760493  E= -874.727812
step=   383  KE= 1205.176039  PE=-2079.902009  E= -874.725969
step=   384  KE= 1205.402425  PE=-2080.127376  E= -874.724951
step=   385  KE= 1205.724687  PE=-2080.449167  E= -874.724480
step=   386  KE= 1206.143922  PE=-2080.868787  E= -874.724864
step=   387  KE= 1206.650952  PE=-2081.376893  E= -874.725941
step=   388  KE= 1207.227508  PE=-2081.954785  E= -874.727277
step=   389  KE= 1207.848406  PE=-2082.577356  E= -874.728950
step=   390  KE= 1208.484021  PE=-2083.214858  E= -874.730837
step=   391  KE= 1209.103581  PE=-2083.836309  E= -874.732728
step=   392  KE= 1209.677696  PE=-2084.412094  E= -874.734398
step=   393  KE= 1210.179818  PE=-2084.915519  E= -874.735700
step=   394  KE= 1210.588052  PE=-2085.324698  E= -874.736646
step=   395  KE= 1210.886660  PE=-2085.623752  E= -874.737092
step=   396  KE= 1211.067403  PE=-2085.804415  E= -874.737011
step=   397  KE= 1211.129685  PE=-2085.865941  E= -874.736256
step=   398  KE= 1211.080841  PE=-2085.815850  E= -874.735008
step=   399  KE= 1210.936541  PE=-2085.669890  E= -874.733349
step=   400  KE= 1210.720471  PE=-2085.451636  E= -874.731165
step=   401  KE= 1210.463756  PE=-2085.192162  E= -874.728407
step=   402  KE= 1210.203565  PE=-2084.929037  E= -874.725472
step=   403  KE= 1209.980471  PE=-2084.703180  E= -874.722709
step=   404  KE= 1209.835847  PE=-2084.555800  E= -874.719953
step=   405  KE= 1209.808479  PE=-2084.525890  E= -874.717411
step=   406  KE= 1209.930659  PE=-2084.646274  E= -874.715615
step=   407  KE= 1210.225241  PE=-2084.940138  E= -874.714897
step=   408  KE= 1210.703493  PE=-2085.418356  E= -874.714863
step=   409  KE= 1211.363976  PE=-2086.079652  E= -874.715676
step=   410  KE= 1212.191266  PE=-2086.908543  E= -874.717277
step=   411  KE= 1213.158263  PE=-2087.877643  E= -874.719380
step=   412  KE= 1214.228897  PE=-2088.950957  E= -874.722060
step=   413  KE= 1215.360406  PE=-2090.085200  E= -874.724794
step=   414  KE= 1216.508238  PE=-2091.235635  E= -874.727397
step=   415  KE= 1217.628553  PE=-2092.358415  E= -874.729862
step=   416  KE= 1218.680929  PE=-2093.412798  E= -874.731870
step=   417  KE= 1219.630776  PE=-2094.364288  E= -874.733512
step=   418  KE= 1220.450248  PE=-2095.184775  E= -874.734527
step=   419  KE= 1221.119348  PE=-2095.854439  E= -874.735091
step=   420  KE= 1221.625886  PE=-2096.360976  E= -874.735089
step=   421  KE= 1221.965068  PE=-2096.699685  E= -874.734617
step=   422  KE= 1222.138984  PE=-2096.872786  E= -874.733803
step=   423  KE= 1222.156391  PE=-2096.889083  E= -874.732691
step=   424  KE= 1222.030801  PE=-2096.762180  E= -874.731379
step=   425  KE= 1221.780116  PE=-2096.509860  E= -874.729744
step=   426  KE= 1221.425720  PE=-2096.153724  E= -874.728004
step=   427  KE= 1220.991122  PE=-2095.717364  E= -874.726242
step=   428  KE= 1220.502179  PE=-2095.226620  E= -874.724440
step=   429  KE= 1219.985001  PE=-2094.707602  E= -874.722601
step=   430  KE= 1219.465275  PE=-2094.186220  E= -874.720945
step=   431  KE= 1218.967186  PE=-2093.686601  E= -874.719416
step=   432  KE= 1218.512742  PE=-2093.230609  E= -874.717867
step=   433  KE= 1218.121119  PE=-2092.837820  E= -874.716701
step=   434  KE= 1217.806655  PE=-2092.522651  E= -874.715996
step=   435  KE= 1217.579290  PE=-2092.294871  E= -874.715580
step=   436  KE= 1217.444342  PE=-2092.159723  E= -874.715381
step=   437  KE= 1217.402151  PE=-2092.117644  E= -874.715493
step=   438  KE= 1217.448061  PE=-2092.163947  E= -874.715886
step=   439  KE= 1217.572108  PE=-2092.288903  E= -874.716795
step=   440  KE= 1217.759416  PE=-2092.477242  E= -874.717826
step=   441  KE= 1217.991465  PE=-2092.710468  E= -874.719002
step=   442  KE= 1218.247377  PE=-2092.967861  E= -874.720484
step=   443  KE= 1218.503836  PE=-2093.225828  E= -874.721991
step=   444  KE= 1218.736896  PE=-2093.460434  E= -874.723538
step=   445  KE= 1218.924036  PE=-2093.648608  E= -874.724572
step=   446  KE= 1219.044779  PE=-2093.770463  E= -874.725684
step=   447  KE= 1219.082093  PE=-2093.808480  E= -874.726388
step=   448  KE= 1219.023938  PE=-2093.750586  E= -874.726647
step=   449  KE= 1218.864030  PE=-2093.590717  E= -874.726687
step=   450  KE= 1218.602280  PE=-2093.328589  E= -874.726309
step=   451  KE= 1218.244494  PE=-2092.969958  E= -874.725464
step=   452  KE= 1217.801644  PE=-2092.526017  E= -874.724373
step=   453  KE= 1217.289920  PE=-2092.012984  E= -874.723064
step=   454  KE= 1216.729267  PE=-2091.450918  E= -874.721651
step=   455  KE= 1216.141321  PE=-2090.861381  E= -874.720060
step=   456  KE= 1215.548632  PE=-2090.267060  E= -874.718428
step=   457  KE= 1214.972215  PE=-2089.689288  E= -874.717072
step=   458  KE= 1214.428878  PE=-2089.145078  E= -874.716200
step=   459  KE= 1213.930374  PE=-2088.646153  E= -874.715779
step=   460  KE= 1213.482633  PE=-2088.198322  E= -874.715689
step=   461  KE= 1213.084354  PE=-2087.800296  E= -874.715942
step=   462  KE= 1212.728141  PE=-2087.444580  E= -874.716439
step=   463  KE= 1212.401910  PE=-2087.119140  E= -874.717230
step=   464  KE= 1212.090473  PE=-2086.808483  E= -874.718010
step=   465  KE= 1211.777680  PE=-2086.496424  E= -874.718744
step=   466  KE= 1211.447672  PE=-2086.166917  E= -874.719245
step=   467  KE= 1211.087564  PE=-2085.806978  E= -874.719414
step=   468  KE= 1210.688192  PE=-2085.407359  E= -874.719167
step=   469  KE= 1210.244677  PE=-2084.963406  E= -874.718729
step=   470  KE= 1209.756725  PE=-2084.474701  E= -874.717977
step=   471  KE= 1209.228601  PE=-2083.945769  E= -874.717167
step=   472  KE= 1208.668686  PE=-2083.384719  E= -874.716034
step=   473  KE= 1208.088874  PE=-2082.803407  E= -874.714533
step=   474  KE= 1207.504035  PE=-2082.217099  E= -874.713064
step=   475  KE= 1206.930717  PE=-2081.642214  E= -874.711497
step=   476  KE= 1206.386209  PE=-2081.096316  E= -874.710107
step=   477  KE= 1205.887664  PE=-2080.596530  E= -874.708866
step=   478  KE= 1205.450773  PE=-2080.158630  E= -874.707857
step=   479  KE= 1205.088855  PE=-2079.795661  E= -874.706806
step=   480  KE= 1204.813024  PE=-2079.519039  E= -874.706016
step=   481  KE= 1204.631683  PE=-2079.337140  E= -874.705457
step=   482  KE= 1204.550280  PE=-2079.255320  E= -874.705040
step=   483  KE= 1204.572502  PE=-2079.277071  E= -874.704569
step=   484  KE= 1204.700684  PE=-2079.405055  E= -874.704371
step=   485  KE= 1204.935709  PE=-2079.639897  E= -874.704188
step=   486  KE= 1205.278734  PE=-2079.982651  E= -874.703917
step=   487  KE= 1205.731565  PE=-2080.435229  E= -874.703663
step=   488  KE= 1206.296120  PE=-2080.999450  E= -874.703330
step=   489  KE= 1206.974334  PE=-2081.677356  E= -874.703022
step=   490  KE= 1207.768072  PE=-2082.470748  E= -874.702676
step=   491  KE= 1208.679073  PE=-2083.381702  E= -874.702630
step=   492  KE= 1209.707320  PE=-2084.409842  E= -874.702522
step=   493  KE= 1210.850509  PE=-2085.553140  E= -874.702631
step=   494  KE= 1212.103639  PE=-2086.806664  E= -874.703025
step=   495  KE= 1213.458106  PE=-2088.161716  E= -874.703610
step=   496  KE= 1214.902213  PE=-2089.606693  E= -874.704480
step=   497  KE= 1216.420768  PE=-2091.126420  E= -874.705652
step=   498  KE= 1217.995709  PE=-2092.702437  E= -874.706728
step=   499  KE= 1219.607640  PE=-2094.315814  E= -874.708174
step=   500  KE= 1221.236274  PE=-2095.945698  E= -874.709424
step=   501  KE= 1222.861040  PE=-2097.571505  E= -874.710464
step=   502  KE= 1224.462905  PE=-2099.174120  E= -874.711215
step=   503  KE= 1226.024331  PE=-2100.736359  E= -874.712028
step=   504  KE= 1227.529993  PE=-2102.242630  E= -874.712636
step=   505  KE= 1228.968343  PE=-2103.681224  E= -874.712881
step=   506  KE= 1230.330952  PE=-2105.044007  E= -874.713055
step=   507  KE= 1231.612702  PE=-2106.325764  E= -874.713062
step=   508  KE= 1232.811332  PE=-2107.524251  E= -874.712919
step=   509  KE= 1233.926483  PE=-2108.639099  E= -874.712616
step=   510  KE= 1234.959748  PE=-2109.671950  E= -874.712202
step=   511  KE= 1235.913803  PE=-2110.625676  E= -874.711873
step=   512  KE= 1236.791641  PE=-2111.503215  E= -874.711574
step=   513  KE= 1237.595925  PE=-2112.307167  E= -874.711242
step=   514  KE= 1238.329142  PE=-2113.040319  E= -874.711177
step=   515  KE= 1238.993175  PE=-2113.704108  E= -874.710933
step=   516  KE= 1239.589680  PE=-2114.300356  E= -874.710676
step=   517  KE= 1240.120074  PE=-2114.830599  E= -874.710525
step=   518  KE= 1240.585222  PE=-2115.295507  E= -874.710285
step=   519  KE= 1240.986650  PE=-2115.696592  E= -874.709942
step=   520  KE= 1241.326180  PE=-2116.035780  E= -874.709600
step=   521  KE= 1241.606415  PE=-2116.315463  E= -874.709048
step=   522  KE= 1241.830567  PE=-2116.539150  E= -874.708583
step=   523  KE= 1242.002162  PE=-2116.710378  E= -874.708216
step=   524  KE= 1242.124814  PE=-2116.832709  E= -874.707895
step=   525  KE= 1242.200951  PE=-2116.908594  E= -874.707643
step=   526  KE= 1242.232027  PE=-2116.939416  E= -874.707389
step=   527  KE= 1242.218796  PE=-2116.925942  E= -874.707146
step=   528  KE= 1242.160457  PE=-2116.867424  E= -874.706967
step=   529  KE= 1242.054728  PE=-2116.761813  E= -874.707085
step=   530  KE= 1241.898069  PE=-2116.605241  E= -874.707172
step=   531  KE= 1241.685877  PE=-2116.393317  E= -874.707439
step=   532  KE= 1241.413465  PE=-2116.121113  E= -874.707648
step=   533  KE= 1241.076428  PE=-2115.784089  E= -874.707661
step=   534  KE= 1240.671204  PE=-2115.378764  E= -874.707560
step=   535  KE= 1240.195715  PE=-2114.903168  E= -874.707452
step=   536  KE= 1239.649040  PE=-2114.356260  E= -874.707220
step=   537  KE= 1239.031403  PE=-2113.738421  E= -874.707018
step=   538  KE= 1238.344813  PE=-2113.051395  E= -874.706582
step=   539  KE= 1237.592664  PE=-2112.298968  E= -874.706305
step=   540  KE= 1236.778956  PE=-2111.484908  E= -874.705952
step=   541  KE= 1235.908335  PE=-2110.614039  E= -874.705704
step=   542  KE= 1234.985512  PE=-2109.690970  E= -874.705458
step=   543  KE= 1234.014923  PE=-2108.720155  E= -874.705233
step=   544  KE= 1233.000999  PE=-2107.706176  E= -874.705178
step=   545  KE= 1231.947460  PE=-2106.652514  E= -874.705053
step=   546  KE= 1230.857528  PE=-2105.562578  E= -874.705050
step=   547  KE= 1229.734391  PE=-2104.439266  E= -874.704875
step=   548  KE= 1228.581431  PE=-2103.285990  E= -874.704559
step=   549  KE= 1227.402648  PE=-2102.106920  E= -874.704272
step=   550  KE= 1226.203016  PE=-2100.906969  E= -874.703953
step=   551  KE= 1224.989001  PE=-2099.692512  E= -874.703511
step=   552  KE= 1223.768803  PE=-2098.471676  E= -874.702874
step=   553  KE= 1222.552891  PE=-2097.254942  E= -874.702051
step=   554  KE= 1221.354395  PE=-2096.055553  E= -874.701158
step=   555  KE= 1220.188439  PE=-2094.888659  E= -874.700221
step=   556  KE= 1219.070946  PE=-2093.770151  E= -874.699205
step=   557  KE= 1218.016990  PE=-2092.715212  E= -874.698222
step=   558  KE= 1217.040605  PE=-2091.738079  E= -874.697475
step=   559  KE= 1216.153359  PE=-2090.850411  E= -874.697052
step=   560  KE= 1215.362285  PE=-2090.059372  E= -874.697087
step=   561  KE= 1214.669256  PE=-2089.366536  E= -874.697281
step=   562  KE= 1214.071057  PE=-2088.768735  E= -874.697678
step=   563  KE= 1213.560572  PE=-2088.258915  E= -874.698343
step=   564  KE= 1213.127524  PE=-2087.826612  E= -874.699088
step=   565  KE= 1212.760003  PE=-2087.459675  E= -874.699672
step=   566  KE= 1212.445992  PE=-2087.146196  E= -874.700203
step=   567  KE= 1212.175669  PE=-2086.875966  E= -874.700297
step=   568  KE= 1211.942093  PE=-2086.642539  E= -874.700447
step=   569  KE= 1211.741354  PE=-2086.441729  E= -874.700375
step=   570  KE= 1211.573070  PE=-2086.273070  E= -874.700000
step=   571  KE= 1211.440377  PE=-2086.139715  E= -874.699338
step=   572  KE= 1211.350148  PE=-2086.048738  E= -874.698590
step=   573  KE= 1211.311111  PE=-2086.008827  E= -874.697716
step=   574  KE= 1211.333384  PE=-2086.030137  E= -874.696753
step=   575  KE= 1211.428420  PE=-2086.124239  E= -874.695819
step=   576  KE= 1211.607296  PE=-2086.302109  E= -874.694813
step=   577  KE= 1211.880467  PE=-2086.574343  E= -874.693876
step=   578  KE= 1212.256809  PE=-2086.949884  E= -874.693074
step=   579  KE= 1212.743063  PE=-2087.435751  E= -874.692688
step=   580  KE= 1213.344024  PE=-2088.036239  E= -874.692214
step=   581  KE= 1214.061682  PE=-2088.753648  E= -874.691966
step=   582  KE= 1214.895349  PE=-2089.587261  E= -874.691912
step=   583  KE= 1215.842055  PE=-2090.533903  E= -874.691848
step=   584  KE= 1216.895628  PE=-2091.587741  E= -874.692113
step=   585  KE= 1218.047608  PE=-2092.739981  E= -874.692373
step=   586  KE= 1219.288340  PE=-2093.981045  E= -874.692705
step=   587  KE= 1220.606431  PE=-2095.299596  E= -874.693165
step=   588  KE= 1221.988662  PE=-2096.682430  E= -874.693768
step=   589  KE= 1223.420488  PE=-2098.115008  E= -874.694520
step=   590  KE= 1224.887124  PE=-2099.582187  E= -874.695063
step=   591  KE= 1226.374132  PE=-2101.069740  E= -874.695609
step=   592  KE= 1227.866980  PE=-2102.563061  E= -874.696080
step=   593  KE= 1229.351869  PE=-2104.048619  E= -874.696750
step=   594  KE= 1230.816175  PE=-2105.513499  E= -874.697323
step=   595  KE= 1232.248105  PE=-2106.945820  E= -874.697715
step=   596  KE= 1233.637370  PE=-2108.335410  E= -874.698040
step=   597  KE= 1234.974918  PE=-2109.673174  E= -874.698256
step=   598  KE= 1236.253003  PE=-2110.951443  E= -874.698440
step=   599  KE= 1237.465824  PE=-2112.164245  E= -874.698421
step=   600  KE= 1238.608738  PE=-2113.307140  E= -874.698402
step=   601  KE= 1239.677864  PE=-2114.376168  E= -874.698303
step=   602  KE= 1240.670836  PE=-2115.368982  E= -874.698146
step=   603  KE= 1241.585952  PE=-2116.284022  E= -874.698070
step=   604  KE= 1242.421121  PE=-2117.119129  E= -874.698008
step=   605  KE= 1243.174460  PE=-2117.872237  E= -874.697777
step=   606  KE= 1243.844669  PE=-2118.542371  E= -874.697702
step=   607  KE= 1244.429969  PE=-2119.127645  E= -874.697675
step=   608  KE= 1244.928531  PE=-2119.626180  E= -874.697648
step=   609  KE= 1245.338957  PE=-2120.036562  E= -874.697605
step=   610  KE= 1245.660366  PE=-2120.357960  E= -874.697595
step=   611  KE= 1245.893081  PE=-2120.590351  E= -874.697270
step=   612  KE= 1246.037984  PE=-2120.734874  E= -874.696890
step=   613  KE= 1246.097011  PE=-2120.793509  E= -874.696498
step=   614  KE= 1246.074056  PE=-2120.770163  E= -874.696107
step=   615  KE= 1245.974088  PE=-2120.669614  E= -874.695526
step=   616  KE= 1245.802918  PE=-2120.497956  E= -874.695039
step=   617  KE= 1245.567003  PE=-2120.261482  E= -874.694479
step=   618  KE= 1245.272837  PE=-2119.966856  E= -874.694019
step=   619  KE= 1244.926342  PE=-2119.619973  E= -874.693631
step=   620  KE= 1244.532573  PE=-2119.225991  E= -874.693418
step=   621  KE= 1244.095563  PE=-2118.788700  E= -874.693137
step=   622  KE= 1243.617649  PE=-2118.310665  E= -874.693016
step=   623  KE= 1243.099956  PE=-2117.792909  E= -874.692952
step=   624  KE= 1242.542629  PE=-2117.235650  E= -874.693021
step=   625  KE= 1241.944991  PE=-2116.637972  E= -874.692981
step=   626  KE= 1241.306893  PE=-2115.999705  E= -874.692813
step=   627  KE= 1240.628471  PE=-2115.321188  E= -874.692717
step=   628  KE= 1239.910751  PE=-2114.603211  E= -874.692459
step=   629  KE= 1239.156763  PE=-2113.848984  E= -874.692220
step=   630  KE= 1238.371400  PE=-2113.063230  E= -874.691830
step=   631  KE= 1237.560923  PE=-2112.252278  E= -874.691355
step=   632  KE= 1236.732588  PE=-2111.423435  E= -874.690847
step=   633  KE= 1235.894934  PE=-2110.585178  E= -874.690244
step=   634  KE= 1235.057019  PE=-2109.746659  E= -874.689640
step=   635  KE= 1234.227463  PE=-2108.916527  E= -874.689064
step=   636  KE= 1233.414365  PE=-2108.102711  E= -874.688346
step=   637  KE= 1232.625043  PE=-2107.313030  E= -874.687987
step=   638  KE= 1231.864930  PE=-2106.552701  E= -874.687771
step=   639  KE= 1231.137864  PE=-2105.825566  E= -874.687701
step=   640  KE= 1230.446188  PE=-2105.133809  E= -874.687622
step=   641  KE= 1229.790040  PE=-2104.477773  E= -874.687733
step=   642  KE= 1229.167649  PE=-2103.855562  E= -874.687912
step=   643  KE= 1228.575603  PE=-2103.263806  E= -874.688203
step=   644  KE= 1228.008728  PE=-2102.697361  E= -874.688633
step=   645  KE= 1227.460388  PE=-2102.149418  E= -874.689030
step=   646  KE= 1226.923018  PE=-2101.612557  E= -874.689539
step=   647  KE= 1226.388840  PE=-2101.078755  E= -874.689915
step=   648  KE= 1225.849899  PE=-2100.540308  E= -874.690408
step=   649  KE= 1225.298449  PE=-2099.989202  E= -874.690753
step=   650  KE= 1224.728241  PE=-2099.419294  E= -874.691054
step=   651  KE= 1224.133766  PE=-2098.825096  E= -874.691331
step=   652  KE= 1223.510687  PE=-2098.202106  E= -874.691419
step=   653  KE= 1222.856827  PE=-2097.548212  E= -874.691385
step=   654  KE= 1222.172086  PE=-2096.863242  E= -874.691156
step=   655  KE= 1221.458139  PE=-2096.148989  E= -874.690850
step=   656  KE= 1220.718480  PE=-2095.409027  E= -874.690547
step=   657  KE= 1219.958812  PE=-2094.648797  E= -874.689985
step=   658  KE= 1219.186277  PE=-2093.875800  E= -874.689523
step=   659  KE= 1218.408621  PE=-2093.097723  E= -874.689102
step=   660  KE= 1217.633672  PE=-2092.322133  E= -874.688462
step=   661  KE= 1216.869500  PE=-2091.557392  E= -874.687891
step=   662  KE= 1216.123992  PE=-2090.811240  E= -874.687248
step=   663  KE= 1215.404460  PE=-2090.091174  E= -874.686714
step=   664  KE= 1214.717851  PE=-2089.404178  E= -874.686327
step=   665  KE= 1214.070207  PE=-2088.756033  E= -874.685826
step=   666  KE= 1213.465781  PE=-2088.151328  E= -874.685547
step=   667  KE= 1212.907883  PE=-2087.593471  E= -874.685588
step=   668  KE= 1212.398874  PE=-2087.084360  E= -874.685485
step=   669  KE= 1211.939910  PE=-2086.625369  E= -874.685459
step=   670  KE= 1211.531600  PE=-2086.217067  E= -874.685467
step=   671  KE= 1211.173682  PE=-2085.859130  E= -874.685448
step=   672  KE= 1210.865764  PE=-2085.551278  E= -874.685514
step=   673  KE= 1210.606937  PE=-2085.292318  E= -874.685381
step=   674  KE= 1210.395350  PE=-2085.080751  E= -874.685401
step=   675  KE= 1210.228995  PE=-2084.914477  E= -874.685481
step=   676  KE= 1210.105610  PE=-2084.791091  E= -874.685481
step=   677  KE= 1210.022840  PE=-2084.708317  E= -874.685477
step=   678  KE= 1209.978325  PE=-2084.663851  E= -874.685526
step=   679  KE= 1209.969332  PE=-2084.654621  E= -874.685289
step=   680  KE= 1209.992400  PE=-2084.677922  E= -874.685523
step=   681  KE= 1210.043590  PE=-2084.729348  E= -874.685757
step=   682  KE= 1210.118518  PE=-2084.804428  E= -874.685910
step=   683  KE= 1210.212522  PE=-2084.898665  E= -874.686143
step=   684  KE= 1210.320750  PE=-2085.007090  E= -874.686340
step=   685  KE= 1210.438246  PE=-2085.124606  E= -874.686360
step=   686  KE= 1210.559674  PE=-2085.246326  E= -874.686652
step=   687  KE= 1210.679373  PE=-2085.366315  E= -874.686942
step=   688  KE= 1210.791191  PE=-2085.478484  E= -874.687294
step=   689  KE= 1210.888745  PE=-2085.576307  E= -874.687562
step=   690  KE= 1210.966315  PE=-2085.654083  E= -874.687768
step=   691  KE= 1211.017751  PE=-2085.705727  E= -874.687976
step=   692  KE= 1211.037239  PE=-2085.725484  E= -874.688244
step=   693  KE= 1211.019705  PE=-2085.707925  E= -874.688220
step=   694  KE= 1210.960265  PE=-2085.648627  E= -874.688362
step=   695  KE= 1210.854857  PE=-2085.543424  E= -874.688567
step=   696  KE= 1210.700589  PE=-2085.389179  E= -874.688590
step=   697  KE= 1210.495398  PE=-2085.183878  E= -874.688480
step=   698  KE= 1210.238012  PE=-2084.926342  E= -874.688331
step=   699  KE= 1209.928639  PE=-2084.616745  E= -874.688107
step=   700  KE= 1209.568714  PE=-2084.256570  E= -874.687856
step=   701  KE= 1209.160742  PE=-2083.848246  E= -874.687504
step=   702  KE= 1208.708603  PE=-2083.395499  E= -874.686896
step=   703  KE= 1208.216921  PE=-2082.903418  E= -874.686496
step=   704  KE= 1207.691148  PE=-2082.377118  E= -874.685970
step=   705  KE= 1207.137015  PE=-2081.822497  E= -874.685482
step=   706  KE= 1206.560685  PE=-2081.245737  E= -874.685051
step=   707  KE= 1205.968749  PE=-2080.653301  E= -874.684552
step=   708  KE= 1205.367507  PE=-2080.051481  E= -874.683974
step=   709  KE= 1204.763434  PE=-2079.446890  E= -874.683456
step=   710  KE= 1204.162846  PE=-2078.845734  E= -874.682888
step=   711  KE= 1203.571374  PE=-2078.253974  E= -874.682599
step=   712  KE= 1202.993706  PE=-2077.676017  E= -874.682311
step=   713  KE= 1202.434321  PE=-2077.116420  E= -874.682099
step=   714  KE= 1201.896575  PE=-2076.578458  E= -874.681883
step=   715  KE= 1201.382453  PE=-2076.064196  E= -874.681743
step=   716  KE= 1200.893282  PE=-2075.574906  E= -874.681623
step=   717  KE= 1200.429572  PE=-2075.111229  E= -874.681657
step=   718  KE= 1199.990878  PE=-2074.672557  E= -874.681679
step=   719  KE= 1199.575676  PE=-2074.257469  E= -874.681793
step=   720  KE= 1199.181514  PE=-2073.863445  E= -874.681931
step=   721  KE= 1198.805150  PE=-2073.487373  E= -874.682223
step=   722  KE= 1198.442940  PE=-2073.125390  E= -874.682450
step=   723  KE= 1198.090452  PE=-2072.773297  E= -874.682845
step=   724  KE= 1197.742936  PE=-2072.425938  E= -874.683002
step=   725  KE= 1197.396046  PE=-2072.079394  E= -874.683347
step=   726  KE= 1197.045689  PE=-2071.729341  E= -874.683651
step=   727  KE= 1196.688200  PE=-2071.372062  E= -874.683862
step=   728  KE= 1196.320432  PE=-2071.004312  E= -874.683880
step=   729  KE= 1195.940116  PE=-2070.623965  E= -874.683849
step=   730  KE= 1195.546064  PE=-2070.229871  E= -874.683806
step=   731  KE= 1195.138244  PE=-2069.821925  E= -874.683681
step=   732  KE= 1194.718061  PE=-2069.401561  E= -874.683500
step=   733  KE= 1194.287688  PE=-2068.971026  E= -874.683339
step=   734  KE= 1193.850122  PE=-2068.533156  E= -874.683033
step=   735  KE= 1193.409519  PE=-2068.092406  E= -874.682887
step=   736  KE= 1192.970544  PE=-2067.652999  E= -874.682455
step=   737  KE= 1192.538362  PE=-2067.220245  E= -874.681883
step=   738  KE= 1192.118031  PE=-2066.799627  E= -874.681596
step=   739  KE= 1191.714014  PE=-2066.395394  E= -874.681379
step=   740  KE= 1191.330797  PE=-2066.011867  E= -874.681070
step=   741  KE= 1190.972612  PE=-2065.653444  E= -874.680832
step=   742  KE= 1190.642467  PE=-2065.323070  E= -874.680603
step=   743  KE= 1190.342005  PE=-2065.022478  E= -874.680473
step=   744  KE= 1190.072140  PE=-2064.752680  E= -874.680540
step=   745  KE= 1189.832625  PE=-2064.513250  E= -874.680626
step=   746  KE= 1189.622169  PE=-2064.302906  E= -874.680737
step=   747  KE= 1189.438424  PE=-2064.119288  E= -874.680864
step=   748  KE= 1189.277905  PE=-2063.959058  E= -874.681153
step=   749  KE= 1189.136806  PE=-2063.818066  E= -874.681260
step=   750  KE= 1189.010970  PE=-2063.692448  E= -874.681477
step=   751  KE= 1188.896014  PE=-2063.577807  E= -874.681794
step=   752  KE= 1188.787553  PE=-2063.469456  E= -874.681903
step=   753  KE= 1188.681292  PE=-2063.363485  E= -874.682194
step=   754  KE= 1188.573222  PE=-2063.255521  E= -874.682299
step=   755  KE= 1188.459911  PE=-2063.142223  E= -874.682312
step=   756  KE= 1188.338726  PE=-2063.021087  E= -874.682361
step=   757  KE= 1188.207687  PE=-2062.890117  E= -874.682430
step=   758  KE= 1188.065628  PE=-2062.748124  E= -874.682496
step=   759  KE= 1187.912145  PE=-2062.594550  E= -874.682406
step=   760  KE= 1187.747110  PE=-2062.429475  E= -874.682365
step=   761  KE= 1187.570678  PE=-2062.252975  E= -874.682297
step=   762  KE= 1187.383422  PE=-2062.065643  E= -874.682220
step=   763  KE= 1187.186079  PE=-2061.868217  E= -874.682137
step=   764  KE= 1186.979470  PE=-2061.661484  E= -874.682014
step=   765  KE= 1186.764360  PE=-2061.446164  E= -874.681803
step=   766  KE= 1186.541021  PE=-2061.222792  E= -874.681771
step=   767  KE= 1186.309516  PE=-2060.991272  E= -874.681756
step=   768  KE= 1186.069459  PE=-2060.751289  E= -874.681830
step=   769  KE= 1185.820048  PE=-2060.501662  E= -874.681614
step=   770  KE= 1185.560159  PE=-2060.241854  E= -874.681695
step=   771  KE= 1185.288124  PE=-2059.969719  E= -874.681596
step=   772  KE= 1185.002638  PE=-2059.684514  E= -874.681876
step=   773  KE= 1184.701455  PE=-2059.383433  E= -874.681978
step=   774  KE= 1184.382023  PE=-2059.064132  E= -874.682109
step=   775  KE= 1184.042881  PE=-2058.725235  E= -874.682354
step=   776  KE= 1183.682447  PE=-2058.364937  E= -874.682490
step=   777  KE= 1183.299503  PE=-2057.981974  E= -874.682470
step=   778  KE= 1182.893821  PE=-2057.576448  E= -874.682627
step=   779  KE= 1182.465846  PE=-2057.148489  E= -874.682643
step=   780  KE= 1182.016907  PE=-2056.699413  E= -874.682506
step=   781  KE= 1181.549182  PE=-2056.231495  E= -874.682313
step=   782  KE= 1181.065630  PE=-2055.747640  E= -874.682010
step=   783  KE= 1180.570453  PE=-2055.252047  E= -874.681594
step=   784  KE= 1180.068447  PE=-2054.749748  E= -874.681302
step=   785  KE= 1179.564691  PE=-2054.245590  E= -874.680898
step=   786  KE= 1179.064595  PE=-2053.745086  E= -874.680491
step=   787  KE= 1178.573614  PE=-2053.253629  E= -874.680015
step=   788  KE= 1178.096811  PE=-2052.776399  E= -874.679588
step=   789  KE= 1177.638372  PE=-2052.317734  E= -874.679361
step=   790  KE= 1177.201456  PE=-2051.880715  E= -874.679259
step=   791  KE= 1176.788162  PE=-2051.467482  E= -874.679320
step=   792  KE= 1176.399372  PE=-2051.078759  E= -874.679387
step=   793  KE= 1176.034227  PE=-2050.713494  E= -874.679267
step=   794  KE= 1175.690174  PE=-2050.369544  E= -874.679371
step=   795  KE= 1175.363774  PE=-2050.043401  E= -874.679627
step=   796  KE= 1175.050649  PE=-2049.730438  E= -874.679789
step=   797  KE= 1174.745957  PE=-2049.425991  E= -874.680034
step=   798  KE= 1174.444895  PE=-2049.125110  E= -874.680216
step=   799  KE= 1174.142626  PE=-2048.823000  E= -874.680374
step=   800  KE= 1173.834580  PE=-2048.515095  E= -874.680515
step=   801  KE= 1173.517288  PE=-2048.197876  E= -874.680589
step=   802  KE= 1173.188454  PE=-2047.869191  E= -874.680737
step=   803  KE= 1172.846415  PE=-2047.527111  E= -874.680696
step=   804  KE= 1172.490458  PE=-2047.171009  E= -874.680551
step=   805  KE= 1172.120784  PE=-2046.801146  E= -874.680362
step=   806  KE= 1171.738416  PE=-2046.418675  E= -874.680259
step=   807  KE= 1171.344625  PE=-2046.024731  E= -874.680106
step=   808  KE= 1170.941077  PE=-2045.620905  E= -874.679828
step=   809  KE= 1170.530134  PE=-2045.209702  E= -874.679568
step=   810  KE= 1170.114049  PE=-2044.793579  E= -874.679531
step=   811  KE= 1169.694801  PE=-2044.374215  E= -874.679415
step=   812  KE= 1169.274133  PE=-2043.953411  E= -874.679278
step=   813  KE= 1168.853668  PE=-2043.532920  E= -874.679253
step=   814  KE= 1168.434725  PE=-2043.113992  E= -874.679267
step=   815  KE= 1168.017939  PE=-2042.697127  E= -874.679188
step=   816  KE= 1167.603611  PE=-2042.282831  E= -874.679220
step=   817  KE= 1167.191852  PE=-2041.871009  E= -874.679157
step=   818  KE= 1166.782246  PE=-2041.461365  E= -874.679118
step=   819  KE= 1166.373614  PE=-2041.052875  E= -874.679260
step=   820  KE= 1165.964296  PE=-2040.643625  E= -874.679330
step=   821  KE= 1165.552553  PE=-2040.231940  E= -874.679387
step=   822  KE= 1165.136421  PE=-2039.816000  E= -874.679579
step=   823  KE= 1164.713504  PE=-2039.393154  E= -874.679650
step=   824  KE= 1164.281323  PE=-2038.961069  E= -874.679746
step=   825  KE= 1163.837773  PE=-2038.517618  E= -874.679846
step=   826  KE= 1163.380588  PE=-2038.060563  E= -874.679976
step=   827  KE= 1162.907771  PE=-2037.587694  E= -874.679923
step=   828  KE= 1162.418300  PE=-2037.098288  E= -874.679988
step=   829  KE= 1161.911465  PE=-2036.591427  E= -874.679961
step=   830  KE= 1161.386586  PE=-2036.066494  E= -874.679908
step=   831  KE= 1160.843855  PE=-2035.523676  E= -874.679821
step=   832  KE= 1160.284274  PE=-2034.963873  E= -874.679599
step=   833  KE= 1159.709470  PE=-2034.388993  E= -874.679523
step=   834  KE= 1159.121449  PE=-2033.800695  E= -874.679245
step=   835  KE= 1158.522443  PE=-2033.201500  E= -874.679057
step=   836  KE= 1157.915580  PE=-2032.594354  E= -874.678774
step=   837  KE= 1157.304343  PE=-2031.982825  E= -874.678482
step=   838  KE= 1156.691980  PE=-2031.370213  E= -874.678232
step=   839  KE= 1156.082047  PE=-2030.760024  E= -874.677977
step=   840  KE= 1155.478307  PE=-2030.156117  E= -874.677810
step=   841  KE= 1154.883670  PE=-2029.561231  E= -874.677561
step=   842  KE= 1154.300662  PE=-2028.978103  E= -874.677441
step=   843  KE= 1153.731977  PE=-2028.409515  E= -874.677538
step=   844  KE= 1153.179354  PE=-2027.856796  E= -874.677441
step=   845  KE= 1152.643797  PE=-2027.321105  E= -874.677308
step=   846  KE= 1152.126198  PE=-2026.803359  E= -874.677162
step=   847  KE= 1151.626641  PE=-2026.303767  E= -874.677126
step=   848  KE= 1151.144748  PE=-2025.821912  E= -874.677164
step=   849  KE= 1150.680014  PE=-2025.357153  E= -874.677139
step=   850  KE= 1150.231281  PE=-2024.908434  E= -874.677153
step=   851  KE= 1149.796928  PE=-2024.474193  E= -874.677265
step=   852  KE= 1149.375721  PE=-2024.053154  E= -874.677434
step=   853  KE= 1148.966265  PE=-2023.643781  E= -874.677516
step=   854  KE= 1148.566763  PE=-2023.244355  E= -874.677593
step=   855  KE= 1148.175663  PE=-2022.853368  E= -874.677705
step=   856  KE= 1147.791366  PE=-2022.469211  E= -874.677845
step=   857  KE= 1147.412935  PE=-2022.090791  E= -874.677855
step=   858  KE= 1147.039186  PE=-2021.717158  E= -874.677972
step=   859  KE= 1146.668667  PE=-2021.346643  E= -874.677976
step=   860  KE= 1146.300615  PE=-2020.978561  E= -874.677947
step=   861  KE= 1145.934504  PE=-2020.612427  E= -874.677923
step=   862  KE= 1145.570159  PE=-2020.248101  E= -874.677942
step=   863  KE= 1145.207457  PE=-2019.885329  E= -874.677872
step=   864  KE= 1144.846372  PE=-2019.524167  E= -874.677795
step=   865  KE= 1144.486869  PE=-2019.164562  E= -874.677692
step=   866  KE= 1144.129266  PE=-2018.806860  E= -874.677594
step=   867  KE= 1143.774168  PE=-2018.451556  E= -874.677388
step=   868  KE= 1143.421793  PE=-2018.099007  E= -874.677214
step=   869  KE= 1143.072211  PE=-2017.749333  E= -874.677123
step=   870  KE= 1142.726240  PE=-2017.403202  E= -874.676962
step=   871  KE= 1142.384376  PE=-2017.061201  E= -874.676825
step=   872  KE= 1142.047092  PE=-2016.723998  E= -874.676906
step=   873  KE= 1141.714608  PE=-2016.391442  E= -874.676834
step=   874  KE= 1141.386676  PE=-2016.063442  E= -874.676765
step=   875  KE= 1141.063531  PE=-2015.740235  E= -874.676704
step=   876  KE= 1140.745225  PE=-2015.421979  E= -874.676754
step=   877  KE= 1140.431590  PE=-2015.108295  E= -874.676706
step=   878  KE= 1140.122337  PE=-2014.799035  E= -874.676698
step=   879  KE= 1139.817364  PE=-2014.494047  E= -874.676683
step=   880  KE= 1139.516667  PE=-2014.193275  E= -874.676608
step=   881  KE= 1139.219908  PE=-2013.896372  E= -874.676464
step=   882  KE= 1138.926725  PE=-2013.603358  E= -874.676634
step=   883  KE= 1138.636459  PE=-2013.313102  E= -874.676643
step=   884  KE= 1138.348466  PE=-2013.024951  E= -874.676485
step=   885  KE= 1138.062284  PE=-2012.738675  E= -874.676392
step=   886  KE= 1137.777562  PE=-2012.453893  E= -874.676331
step=   887  KE= 1137.494241  PE=-2012.170542  E= -874.676301
step=   888  KE= 1137.212150  PE=-2011.888321  E= -874.676170
step=   889  KE= 1136.931042  PE=-2011.607214  E= -874.676172
step=   890  KE= 1136.650842  PE=-2011.326910  E= -874.676068
step=   891  KE= 1136.371783  PE=-2011.047781  E= -874.675998
step=   892  KE= 1136.093588  PE=-2010.769467  E= -874.675879
step=   893  KE= 1135.816081  PE=-2010.491915  E= -874.675834
step=   894  KE= 1135.539265  PE=-2010.215272  E= -874.676007
step=   895  KE= 1135.262587  PE=-2009.938446  E= -874.675858
step=   896  KE= 1134.985507  PE=-2009.661407  E= -874.675899
step=   897  KE= 1134.707566  PE=-2009.383557  E= -874.675991
step=   898  KE= 1134.428470  PE=-2009.104480  E= -874.676010
step=   899  KE= 1134.147341  PE=-2008.823375  E= -874.676035
step=   900  KE= 1133.862833  PE=-2008.538745  E= -874.675912
step=   901  KE= 1133.573902  PE=-2008.249720  E= -874.675818
step=   902  KE= 1133.279052  PE=-2007.954911  E= -874.675859
step=   903  KE= 1132.976495  PE=-2007.652479  E= -874.675984
step=   904  KE= 1132.664559  PE=-2007.340455  E= -874.675896
step=   905  KE= 1132.340918  PE=-2007.016898  E= -874.675981
step=   906  KE= 1132.003133  PE=-2006.679285  E= -874.676152
step=   907  KE= 1131.648881  PE=-2006.325205  E= -874.676323
step=   908  KE= 1131.275494  PE=-2005.952020  E= -874.676526
step=   909  KE= 1130.880480  PE=-2005.557178  E= -874.676699
step=   910  KE= 1130.461490  PE=-2005.138223  E= -874.676733
step=   911  KE= 1130.016416  PE=-2004.693254  E= -874.676838
step=   912  KE= 1129.542939  PE=-2004.219923  E= -874.676984
step=   913  KE= 1129.039017  PE=-2003.716132  E= -874.677116
step=   914  KE= 1128.503051  PE=-2003.180272  E= -874.677221
step=   915  KE= 1127.934037  PE=-2002.611370  E= -874.677333
step=   916  KE= 1127.331384  PE=-2002.008755  E= -874.677371
step=   917  KE= 1126.694770  PE=-2001.371982  E= -874.677212
step=   918  KE= 1126.024455  PE=-2000.701584  E= -874.677129
step=   919  KE= 1125.321152  PE=-1999.998242  E= -874.677090
step=   920  KE= 1124.585960  PE=-1999.262838  E= -874.676877
step=   921  KE= 1123.820302  PE=-1998.497034  E= -874.676732
step=   922  KE= 1123.026161  PE=-1997.702718  E= -874.676557
step=   923  KE= 1122.205984  PE=-1996.882235  E= -874.676251
step=   924  KE= 1121.362872  PE=-1996.039008  E= -874.676137
step=   925  KE= 1120.499907  PE=-1995.175944  E= -874.676037
step=   926  KE= 1119.620400  PE=-1994.296340  E= -874.675940
step=   927  KE= 1118.727879  PE=-1993.403610  E= -874.675731
step=   928  KE= 1117.825940  PE=-1992.501455  E= -874.675515
step=   929  KE= 1116.918580  PE=-1991.593872  E= -874.675292
step=   930  KE= 1116.009472  PE=-1990.684592  E= -874.675120
step=   931  KE= 1115.102030  PE=-1989.777048  E= -874.675018
step=   932  KE= 1114.199619  PE=-1988.874423  E= -874.674805
step=   933  KE= 1113.305834  PE=-1987.980563  E= -874.674729
step=   934  KE= 1112.423922  PE=-1987.098560  E= -874.674638
step=   935  KE= 1111.556383  PE=-1986.230841  E= -874.674457
step=   936  KE= 1110.705464  PE=-1985.379867  E= -874.674402
step=   937  KE= 1109.873425  PE=-1984.547817  E= -874.674393
step=   938  KE= 1109.061825  PE=-1983.736336  E= -874.674512
step=   939  KE= 1108.271525  PE=-1982.945979  E= -874.674454
step=   940  KE= 1107.503305  PE=-1982.177764  E= -874.674459
step=   941  KE= 1106.758066  PE=-1981.432696  E= -874.674630
step=   942  KE= 1106.036309  PE=-1980.711033  E= -874.674724
step=   943  KE= 1105.337990  PE=-1980.012762  E= -874.674772
step=   944  KE= 1104.662912  PE=-1979.337799  E= -874.674887
step=   945  KE= 1104.010546  PE=-1978.685483  E= -874.674938
step=   946  KE= 1103.380510  PE=-1978.055570  E= -874.675060
step=   947  KE= 1102.772749  PE=-1977.447922  E= -874.675172
step=   948  KE= 1102.186909  PE=-1976.862071  E= -874.675162
step=   949  KE= 1101.622602  PE=-1976.297840  E= -874.675238
step=   950  KE= 1101.079879  PE=-1975.755200  E= -874.675321
step=   951  KE= 1100.558603  PE=-1975.233841  E= -874.675238
step=   952  KE= 1100.059230  PE=-1974.734418  E= -874.675188
step=   953  KE= 1099.582137  PE=-1974.257379  E= -874.675242
step=   954  KE= 1099.127404  PE=-1973.802713  E= -874.675310
step=   955  KE= 1098.695734  PE=-1973.371002  E= -874.675268
step=   956  KE= 1098.287850  PE=-1972.963132  E= -874.675281
step=   957  KE= 1097.904071  PE=-1972.579346  E= -874.675275
step=   958  KE= 1097.544534  PE=-1972.219789  E= -874.675255
step=   959  KE= 1097.209398  PE=-1971.884686  E= -874.675288
step=   960  KE= 1096.898649  PE=-1971.573896  E= -874.675247
step=   961  KE= 1096.611321  PE=-1971.286609  E= -874.675288
step=   962  KE= 1096.345954  PE=-1971.021330  E= -874.675376
step=   963  KE= 1096.101134  PE=-1970.776796  E= -874.675662
step=   964  KE= 1095.874402  PE=-1970.550330  E= -874.675928
step=   965  KE= 1095.662238  PE=-1970.338333  E= -874.676095
step=   966  KE= 1095.460753  PE=-1970.137189  E= -874.676437
step=   967  KE= 1095.265945  PE=-1969.942626  E= -874.676681
step=   968  KE= 1095.073713  PE=-1969.750558  E= -874.676845
step=   969  KE= 1094.879618  PE=-1969.556724  E= -874.677106
step=   970  KE= 1094.679509  PE=-1969.356835  E= -874.677325
step=   971  KE= 1094.469363  PE=-1969.146880  E= -874.677517
step=   972  KE= 1094.245155  PE=-1968.922908  E= -874.677753
step=   973  KE= 1094.003917  PE=-1968.681823  E= -874.677907
step=   974  KE= 1093.743140  PE=-1968.421195  E= -874.678055
step=   975  KE= 1093.460782  PE=-1968.138854  E= -874.678072
step=   976  KE= 1093.155701  PE=-1967.833753  E= -874.678051
step=   977  KE= 1092.827441  PE=-1967.505478  E= -874.678037
step=   978  KE= 1092.476227  PE=-1967.154165  E= -874.677938
step=   979  KE= 1092.103497  PE=-1966.781362  E= -874.677865
step=   980  KE= 1091.711335  PE=-1966.389050  E= -874.677715
step=   981  KE= 1091.302092  PE=-1965.979488  E= -874.677396
step=   982  KE= 1090.879166  PE=-1965.556155  E= -874.676989
step=   983  KE= 1090.446159  PE=-1965.122818  E= -874.676660
step=   984  KE= 1090.007204  PE=-1964.683488  E= -874.676283
step=   985  KE= 1089.566981  PE=-1964.243030  E= -874.676049
step=   986  KE= 1089.130129  PE=-1963.805920  E= -874.675791
step=   987  KE= 1088.701397  PE=-1963.376971  E= -874.675574
step=   988  KE= 1088.285254  PE=-1962.960578  E= -874.675324
step=   989  KE= 1087.885661  PE=-1962.560740  E= -874.675079
step=   990  KE= 1087.506225  PE=-1962.181142  E= -874.674917
step=   991  KE= 1087.149979  PE=-1961.824628  E= -874.674649
step=   992  KE= 1086.819494  PE=-1961.493925  E= -874.674431
step=   993  KE= 1086.516819  PE=-1961.191238  E= -874.674419
step=   994  KE= 1086.243358  PE=-1960.917591  E= -874.674233
step=   995  KE= 1085.999408  PE=-1960.673650  E= -874.674242
step=   996  KE= 1085.784410  PE=-1960.458623  E= -874.674212
step=   997  KE= 1085.597506  PE=-1960.271989  E= -874.674483
step=   998  KE= 1085.437095  PE=-1960.111928  E= -874.674833
step=   999  KE= 1085.300515  PE=-1959.975425  E= -874.674910

Finished simulation.
Final KE:  1085.3005 | delta: +585.3005
Final PE: -1959.9754 | delta: -585.2816
Final E:   -874.6749 | delta: +0.0189
Simulation time 1000 steps: 6.295 seconds
